[debug] [2024-11-19T16:46:38.072Z] ----------------------------------------------------------------------
[debug] [2024-11-19T16:46:38.075Z] Command:       C:\nodejs\node.exe C:\Users\vivek\AppData\Roaming\npm\node_modules\firebase-tools\lib\bin\firebase.js init functions
[debug] [2024-11-19T16:46:38.075Z] CLI Version:   13.25.0
[debug] [2024-11-19T16:46:38.076Z] Platform:      win32
[debug] [2024-11-19T16:46:38.076Z] Node Version:  v18.17.1
[debug] [2024-11-19T16:46:38.076Z] Time:          Tue Nov 19 2024 22:16:38 GMT+0530 (India Standard Time)
[debug] [2024-11-19T16:46:38.077Z] ----------------------------------------------------------------------
[debug] 
[debug] [2024-11-19T16:46:38.152Z] > command requires scopes: ["email","openid","https://www.googleapis.com/auth/cloudplatformprojects.readonly","https://www.googleapis.com/auth/firebase","https://www.googleapis.com/auth/cloud-platform"]
[debug] [2024-11-19T16:46:38.153Z] > authorizing via signed-in user (vivekkumar24509@gmail.com)
[info] 
     ######## #### ########  ######## ########     ###     ######  ########
     ##        ##  ##     ## ##       ##     ##  ##   ##  ##       ##
     ######    ##  ########  ######   ########  #########  ######  ######
     ##        ##  ##    ##  ##       ##     ## ##     ##       ## ##
     ##       #### ##     ## ######## ########  ##     ##  ######  ########

You're about to initialize a Firebase project in this directory:

  C:\Users\vivek\OneDrive\Documents\Desktop\SOS-Giri\project

Before we get started, keep in mind:

  * You are initializing within an existing Firebase project directory

[info] 
=== Project Setup
[info] 
[info] First, let's associate this project directory with a Firebase project.
[info] You can create multiple project aliases by running firebase use --add, 
[info] but for now we'll just set up a default project.
[info] 
[debug] [2024-11-19T16:46:40.750Z] Using project from CLI flag: sos-giri
[debug] [2024-11-19T16:46:40.751Z] Checked if tokens are valid: true, expires at: 1732038164900
[debug] [2024-11-19T16:46:40.751Z] Checked if tokens are valid: true, expires at: 1732038164900
[debug] [2024-11-19T16:46:40.752Z] >>> [apiv2][query] GET https://firebase.googleapis.com/v1beta1/projects/sos-giri [none]
[debug] [2024-11-19T16:46:41.222Z] <<< [apiv2][status] GET https://firebase.googleapis.com/v1beta1/projects/sos-giri 200
[debug] [2024-11-19T16:46:41.222Z] <<< [apiv2][body] GET https://firebase.googleapis.com/v1beta1/projects/sos-giri {"projectId":"sos-giri","projectNumber":"506976130124","displayName":"SOS-Giri","name":"projects/sos-giri","resources":{"hostingSite":"sos-giri"},"state":"ACTIVE","etag":"1_e62cd311-3e78-4c8c-b6ab-9ddbd3896fb3"}
[info] i  Using project sos-giri (SOS-Giri) 
[info] 
=== Functions Setup
[debug] [2024-11-19T16:46:41.229Z] > command requires scopes: ["email","openid","https://www.googleapis.com/auth/cloudplatformprojects.readonly","https://www.googleapis.com/auth/firebase","https://www.googleapis.com/auth/cloud-platform"]
[debug] [2024-11-19T16:46:41.230Z] > authorizing via signed-in user (vivekkumar24509@gmail.com)
[debug] [2024-11-19T16:46:41.231Z] [iam] checking project sos-giri for permissions ["firebase.projects.get"]
[debug] [2024-11-19T16:46:41.232Z] Checked if tokens are valid: true, expires at: 1732038164900
[debug] [2024-11-19T16:46:41.232Z] Checked if tokens are valid: true, expires at: 1732038164900
[debug] [2024-11-19T16:46:41.232Z] >>> [apiv2][query] POST https://cloudresourcemanager.googleapis.com/v1/projects/sos-giri:testIamPermissions [none]
[debug] [2024-11-19T16:46:41.232Z] >>> [apiv2][(partial)header] POST https://cloudresourcemanager.googleapis.com/v1/projects/sos-giri:testIamPermissions x-goog-quota-user=projects/sos-giri
[debug] [2024-11-19T16:46:41.232Z] >>> [apiv2][body] POST https://cloudresourcemanager.googleapis.com/v1/projects/sos-giri:testIamPermissions {"permissions":["firebase.projects.get"]}
[debug] [2024-11-19T16:46:42.538Z] <<< [apiv2][status] POST https://cloudresourcemanager.googleapis.com/v1/projects/sos-giri:testIamPermissions 200
[debug] [2024-11-19T16:46:42.538Z] <<< [apiv2][body] POST https://cloudresourcemanager.googleapis.com/v1/projects/sos-giri:testIamPermissions {"permissions":["firebase.projects.get"]}
[debug] [2024-11-19T16:46:42.539Z] Checked if tokens are valid: true, expires at: 1732038164900
[debug] [2024-11-19T16:46:42.539Z] Checked if tokens are valid: true, expires at: 1732038164900
[debug] [2024-11-19T16:46:42.539Z] Checked if tokens are valid: true, expires at: 1732038164900
[debug] [2024-11-19T16:46:42.539Z] Checked if tokens are valid: true, expires at: 1732038164900
[debug] [2024-11-19T16:46:42.539Z] >>> [apiv2][query] GET https://serviceusage.googleapis.com/v1/projects/sos-giri/services/cloudfunctions.googleapis.com [none]
[debug] [2024-11-19T16:46:42.539Z] >>> [apiv2][(partial)header] GET https://serviceusage.googleapis.com/v1/projects/sos-giri/services/cloudfunctions.googleapis.com x-goog-quota-user=projects/sos-giri
[debug] [2024-11-19T16:46:42.540Z] >>> [apiv2][query] GET https://serviceusage.googleapis.com/v1/projects/sos-giri/services/runtimeconfig.googleapis.com [none]
[debug] [2024-11-19T16:46:42.540Z] >>> [apiv2][(partial)header] GET https://serviceusage.googleapis.com/v1/projects/sos-giri/services/runtimeconfig.googleapis.com x-goog-quota-user=projects/sos-giri
[debug] [2024-11-19T16:46:44.074Z] <<< [apiv2][status] GET https://serviceusage.googleapis.com/v1/projects/sos-giri/services/runtimeconfig.googleapis.com 200
[debug] [2024-11-19T16:46:44.074Z] <<< [apiv2][body] GET https://serviceusage.googleapis.com/v1/projects/sos-giri/services/runtimeconfig.googleapis.com [omitted]
[debug] [2024-11-19T16:46:44.077Z] <<< [apiv2][status] GET https://serviceusage.googleapis.com/v1/projects/sos-giri/services/cloudfunctions.googleapis.com 200
[debug] [2024-11-19T16:46:44.077Z] <<< [apiv2][body] GET https://serviceusage.googleapis.com/v1/projects/sos-giri/services/cloudfunctions.googleapis.com [omitted]
[info] 
Detected existing codebase(s): default

